<?xml version="1.0" encoding="UTF-8"?>
<testsuite xmlns:xsi="http://www.w3.org/2001/XMLSchema-instance" xsi:schemaLocation="https://maven.apache.org/surefire/maven-surefire-plugin/xsd/surefire-test-report.xsd" name="InitializationTest" time="0.569" tests="1" errors="1" skipped="0" failures="0">
  <properties>
    <property name="java.runtime.name" value="OpenJDK Runtime Environment"/>
    <property name="java.vm.version" value="10.0.1+10-Ubuntu-3ubuntu1"/>
    <property name="sun.boot.library.path" value="/usr/lib/jvm/java-11-openjdk-amd64/lib"/>
    <property name="maven.multiModuleProjectDirectory" value="/home/yaroslav/IdeaProjects/ProgrammingTechnologies/Lab3"/>
    <property name="java.vm.vendor" value="Oracle Corporation"/>
    <property name="java.vendor.url" value="http://java.oracle.com/"/>
    <property name="guice.disable.misplaced.annotation.check" value="true"/>
    <property name="path.separator" value=":"/>
    <property name="java.vm.name" value="OpenJDK 64-Bit Server VM"/>
    <property name="file.encoding.pkg" value="sun.io"/>
    <property name="sun.os.patch.level" value="unknown"/>
    <property name="user.country" value="US"/>
    <property name="sun.java.launcher" value="SUN_STANDARD"/>
    <property name="java.vm.specification.name" value="Java Virtual Machine Specification"/>
    <property name="user.dir" value="/home/yaroslav/IdeaProjects/ProgrammingTechnologies/Lab3"/>
    <property name="java.vm.compressedOopsMode" value="32-bit"/>
    <property name="java.runtime.version" value="10.0.1+10-Ubuntu-3ubuntu1"/>
    <property name="java.awt.graphicsenv" value="sun.awt.X11GraphicsEnvironment"/>
    <property name="os.arch" value="amd64"/>
    <property name="java.io.tmpdir" value="/tmp"/>
    <property name="line.separator" value="&#10;"/>
    <property name="java.vm.specification.vendor" value="Oracle Corporation"/>
    <property name="os.name" value="Linux"/>
    <property name="classworlds.conf" value="/usr/share/maven/bin/m2.conf"/>
    <property name="sun.jnu.encoding" value="UTF-8"/>
    <property name="java.library.path" value="/usr/java/packages/lib:/usr/lib/x86_64-linux-gnu/jni:/lib/x86_64-linux-gnu:/usr/lib/x86_64-linux-gnu:/usr/lib/jni:/lib:/usr/lib"/>
    <property name="maven.conf" value="/usr/share/maven/conf"/>
    <property name="jdk.debug" value="release"/>
    <property name="java.class.version" value="54.0"/>
    <property name="java.specification.name" value="Java Platform API Specification"/>
    <property name="sun.management.compiler" value="HotSpot 64-Bit Tiered Compilers"/>
    <property name="os.version" value="4.15.0-20-generic"/>
    <property name="library.jansi.path" value="/usr/share/maven/lib/jansi-native"/>
    <property name="user.home" value="/home/yaroslav"/>
    <property name="user.timezone" value="Europe/Kiev"/>
    <property name="java.awt.printerjob" value="sun.print.PSPrinterJob"/>
    <property name="file.encoding" value="UTF-8"/>
    <property name="java.specification.version" value="10"/>
    <property name="user.name" value="yaroslav"/>
    <property name="java.class.path" value="/usr/share/maven/boot/plexus-classworlds-2.x.jar"/>
    <property name="java.vm.specification.version" value="10"/>
    <property name="sun.arch.data.model" value="64"/>
    <property name="sun.java.command" value="org.codehaus.plexus.classworlds.launcher.Launcher test"/>
    <property name="java.home" value="/usr/lib/jvm/java-11-openjdk-amd64"/>
    <property name="user.language" value="en"/>
    <property name="java.specification.vendor" value="Oracle Corporation"/>
    <property name="awt.toolkit" value="sun.awt.X11.XToolkit"/>
    <property name="java.vm.info" value="mixed mode"/>
    <property name="java.version" value="10.0.1"/>
    <property name="securerandom.source" value="file:/dev/./urandom"/>
    <property name="java.vendor" value="Oracle Corporation"/>
    <property name="maven.home" value="/usr/share/maven"/>
    <property name="file.separator" value="/"/>
    <property name="java.version.date" value="2018-04-17"/>
    <property name="java.vendor.url.bug" value="http://bugreport.java.com/bugreport/"/>
    <property name="sun.io.unicode.encoding" value="UnicodeLittle"/>
    <property name="sun.cpu.endian" value="little"/>
    <property name="sun.desktop" value="gnome"/>
    <property name="sun.cpu.isalist" value=""/>
  </properties>
  <testcase name="run" classname="InitializationTest" time="0.569">
    <error message="Failures in running stories: ReportsCount[stories=7,storiesNotAllowed=0,storiesPending=0,scenarios=32,scenariosFailed=9,scenariosNotAllowed=0,scenariosPending=0,stepsFailed=9]" type="org.jbehave.core.embedder.Embedder$RunningStoriesFailed">org.jbehave.core.embedder.Embedder$RunningStoriesFailed: Failures in running stories: ReportsCount[stories=7,storiesNotAllowed=0,storiesPending=0,scenarios=32,scenariosFailed=9,scenariosNotAllowed=0,scenariosPending=0,stepsFailed=9]
	at org.jbehave.core.junit.JUnitStory.run(JUnitStory.java:24)
</error>
    <system-out><![CDATA[Processing system properties {}
Using controls EmbedderControls[batch=false,skip=false,generateViewAfterStories=true,ignoreFailureInStories=false,ignoreFailureInView=false,verboseFailures=false,verboseFiltering=false,storyTimeouts=300,threads=1,failOnStoryTimeout=false]

(BeforeStories)

Running story initialization_test.story

(initialization_test.story)
Scenario: Save matrix
Given evaluator
When evaluate A = [[1,2,4], [4, 5, 6]]
Then should equal [[1.00, 2.00, 4.00], [4.00, 5.00, 6.00]]

Scenario: Input matrix in invalid format
Given evaluator
When evaluate [[2,44, 3,444, ], [6,45, 2,5]]
Then should equal Syntax error occurred
When evaluate [[4]
Then should equal Syntax error occurred

Scenario: Input matrix with invalid name
Given evaluator
When evaluate 2 = [[5,8]]
Then should equal 2.0
When evaluate  _ = [[5,8]]
Then should equal Syntax error occurred

Scenario: Error with matrix division
Given evaluator
When evaluate [[5]] / [[4]]
Then should equal One operand should be matrix, another should be a number

Scenario: Error input of jagged Matrix
Given evaluator
When evaluate B = [[2,44, 3,444, 4,6], [6,45, 2,5]]
Then should equal All rows must have the same length.

Scenario: Get matrix that exists in the cache
Given evaluator
When evaluate A = [[1,2,3],[1,2,3],[1,2,3]]
And evaluate A
Using timeout for story initialization_test.story of 300 secs.
Then should equal [[1.00, 2.00, 3.00], [1.00, 2.00, 3.00], [1.00, 2.00, 3.00]]

Scenario: Unexisting name of Matrix
Given evaluator
When evaluate Z
Then should equal Variable is not defined

Scenario: Save calculation of matrix
Given evaluator
When evaluate B = [[3, 5], [3, 7]]
And evaluate B = B^T
And evaluate B
Then should equal [[3.00, 3.00], [5.00, 7.00]]



(AfterStories)

Generating reports view to '/home/yaroslav/IdeaProjects/ProgrammingTechnologies/Lab3/target/jbehave' using formats '[stats, console, html, txt]' and view properties '{reports=ftl/jbehave-reports.ftl, nonDecorated=ftl/jbehave-report-non-decorated.ftl, maps=ftl/jbehave-maps.ftl, navigator=ftl/jbehave-navigator.ftl, views=ftl/jbehave-views.ftl, decorated=ftl/jbehave-report-decorated.ftl}'
Reports view generated with 7 stories (of which 0 pending) containing 32 scenarios (of which 0 pending)
]]></system-out>
  </testcase>
</testsuite>